<?xml version="1.0" encoding="UTF-8"?>
<!-- Generated by org.testng.reporters.JUnitReportReporter -->
<testsuite hostname="CHPC-1023" failures="0" tests="1" name="simplilearn.AppTest" time="0.004" errors="0" timestamp="2025-02-28T00:26:59 IST" skipped="0">
  <testcase classname="simplilearn.AppTest" name="testApp" time="0.004"/>
  <system-out/>
</testsuite> <!-- simplilearn.AppTest -->
